<?xml version="1.0" encoding="utf-8"?><testsuites name="pytest tests"><testsuite name="pytest" errors="0" failures="0" skipped="0" tests="16" time="3.195" timestamp="2026-07-21T18:12:25.034348+00:00" hostname="agent-env-0bb3650d-50f0-4ec4-b24e-4ba2b6a05964"><testcase classname="tests.backend_test.TestStudentEmptyState" name="test_applications_mine_empty" time="0.695" /><testcase classname="tests.backend_test.TestStudentEmptyState" name="test_hours_mine_empty" time="0.259" /><testcase classname="tests.backend_test.TestStudentEmptyState" name="test_certificates_mine_empty" time="0.084" /><testcase classname="tests.backend_test.TestFullFlow" name="test_admin_approve_ngo" time="1.127" /><testcase classname="tests.backend_test.TestStudentEmptyState" name="test_reviews_mine_empty" time="0.102" /><testcase classname="tests.backend_test.TestFullFlow" name="test_ngo_create_opportunity" time="0.105" /><testcase classname="tests.backend_test.TestAuthMe" name="test_student_me" time="0.148" /><testcase classname="tests.backend_test.TestFullFlow" name="test_student_apply" time="0.615" /><testcase classname="tests.backend_test.TestAuthMe" name="test_ngo_me" time="0.647" /><testcase classname="tests.backend_test.TestFullFlow" name="test_ngo_accept" time="0.097" /><testcase classname="tests.backend_test.TestFullFlow" name="test_student_log_hours" time="0.104" /><testcase classname="tests.backend_test.TestFullFlow" name="test_student_hours_mine_has_item" time="0.104" /><testcase classname="tests.backend_test.TestFullFlow" name="test_ngo_verify_hours" time="0.102" /><testcase classname="tests.backend_test.TestFullFlow" name="test_student_cert_appears" time="0.078" /><testcase classname="tests.backend_test.TestFullFlow" name="test_student_verified_hours" time="0.094" /><testcase classname="tests.backend_test.TestFullFlow" name="test_log_hours_without_accepted_app_fails" time="0.175" /></testsuite></testsuites>